Using pre-set license
Built from '2020.2/staging' branch; Version is '2020.2.7f1 (c53830e277f1) revision 12924976'; Using compiler version '192528614'; Build Type 'Release'
OS: 'Windows 10 Home; OS build 22621.1848; Version 2009; 64bit' Language: 'ja' Physical Memory: 7958 MB
BatchMode: 1, IsHumanControllingUs: 0, StartBugReporterOnCrash: 0, Is64bit: 1, IsPro: 0

 COMMAND LINE ARGUMENTS:
C:\Program Files\Unity\Hub\Editor\2020.2.7f1\Editor\Unity.exe
-adb2
-batchMode
-noUpm
-name
AssetImportWorker0
-projectPath
C:/Users/koro_/Desktop/UnityProjects/Live!
-logFile
Logs/AssetImportWorker0.log
-srvPort
64706
Successfully changed project path to: C:/Users/koro_/Desktop/UnityProjects/Live!
C:/Users/koro_/Desktop/UnityProjects/Live!
Using Asset Import Pipeline V2.
Refreshing native plugins compatible for Editor in 72.29 ms, found 0 plugins.
Preloading 0 native plugins for Editor in 0.00 ms.
Initialize engine version: 2020.2.7f1 (c53830e277f1)
[Subsystems] Discovering subsystems at path C:/Program Files/Unity/Hub/Editor/2020.2.7f1/Editor/Data/Resources/UnitySubsystems
[Subsystems] Discovering subsystems at path C:/Users/koro_/Desktop/UnityProjects/Live!/Assets
GfxDevice: creating device client; threaded=0
Direct3D:
    Version:  Direct3D 11.0 [level 11.1]
    Renderer: Intel(R) UHD Graphics 620 (ID=0x3ea0)
    Vendor:   
    VRAM:     3979 MB
    Driver:   30.0.100.9864
Initialize mono
Mono path[0] = 'C:/Program Files/Unity/Hub/Editor/2020.2.7f1/Editor/Data/Managed'
Mono path[1] = 'C:/Program Files/Unity/Hub/Editor/2020.2.7f1/Editor/Data/MonoBleedingEdge/lib/mono/unityjit'
Mono config path = 'C:/Program Files/Unity/Hub/Editor/2020.2.7f1/Editor/Data/MonoBleedingEdge/etc'
Using monoOptions --debugger-agent=transport=dt_socket,embedding=1,server=y,suspend=n,address=127.0.0.1:56836
Begin MonoManager ReloadAssembly
Registering precompiled unity dll's ...
Register platform support module: C:/Program Files/Unity/Hub/Editor/2020.2.7f1/Editor/Data/PlaybackEngines/WebGLSupport/UnityEditor.WebGL.Extensions.dll
Register platform support module: C:/Program Files/Unity/Hub/Editor/2020.2.7f1/Editor/Data/PlaybackEngines/WindowsStandaloneSupport/UnityEditor.WindowsStandalone.Extensions.dll
Registered in 0.008866 seconds.
Native extension for WindowsStandalone target not found
Native extension for WebGL target not found
Refreshing native plugins compatible for Editor in 127.56 ms, found 0 plugins.
Preloading 0 native plugins for Editor in 0.00 ms.
Invoked RoslynAnalysisRunner static constructor.
RoslynAnalysisRunner will not be running.
RoslynAnalysisRunner has terminated.
Mono: successfully reloaded assembly
- Completed reload, in  7.155 seconds
Platform modules already initialized, skipping
Registering precompiled user dll's ...
Registered in 0.005806 seconds.
Begin MonoManager ReloadAssembly
Native extension for WindowsStandalone target not found
Native extension for WebGL target not found
Refreshing native plugins compatible for Editor in 0.62 ms, found 0 plugins.
Preloading 0 native plugins for Editor in 0.00 ms.
Invoked RoslynAnalysisRunner static constructor.
RoslynAnalysisRunner will not be running.
RoslynAnalysisRunner has terminated.
Mono: successfully reloaded assembly
- Completed reload, in  6.357 seconds
Platform modules already initialized, skipping
========================================================================
Worker process is ready to serve import requests
Launched and connected shader compiler UnityShaderCompiler.exe after 0.57 seconds
Refreshing native plugins compatible for Editor in 0.74 ms, found 0 plugins.
Preloading 0 native plugins for Editor in 0.00 ms.
Unloading 1114 Unused Serialized files (Serialized files now loaded: 0)
System memory in use before: 59.8 MB.
System memory in use after: 59.8 MB.

Unloading 10 unused Assets to reduce memory usage. Loaded Objects now: 1557.
Total: 9.477200 ms (FindLiveObjects: 0.253100 ms CreateObjectMapping: 0.102900 ms MarkObjects: 8.873700 ms  DeleteObjects: 0.244500 ms)

========================================================================
Received Import Request.
  path: Assets/Scripts/ArtCreator.cs
  artifactKey: Guid(762c01f1923d10d4d88b1d1614326582) Importer(815301076,1909f56bfc062723c751e8b465ee728b)
Start importing Assets/Scripts/ArtCreator.cs using Guid(762c01f1923d10d4d88b1d1614326582) Importer(815301076,1909f56bfc062723c751e8b465ee728b)  -> (artifact id: '64b55c902ae79e1e3ea6bda74902f3a8') in 0.396255 seconds
  Import took 0.406311 seconds .

========================================================================
Received Prepare
Registering precompiled user dll's ...
Registered in 0.003653 seconds.
Begin MonoManager ReloadAssembly
Native extension for WindowsStandalone target not found
Native extension for WebGL target not found
Refreshing native plugins compatible for Editor in 0.50 ms, found 0 plugins.
Preloading 0 native plugins for Editor in 0.00 ms.
Invoked RoslynAnalysisRunner static constructor.
RoslynAnalysisRunner will not be running.
RoslynAnalysisRunner has terminated.
Mono: successfully reloaded assembly
- Completed reload, in  2.523 seconds
Platform modules already initialized, skipping
Refreshing native plugins compatible for Editor in 0.68 ms, found 0 plugins.
Preloading 0 native plugins for Editor in 0.00 ms.
Unloading 1109 Unused Serialized files (Serialized files now loaded: 0)
System memory in use before: 59.7 MB.
System memory in use after: 59.8 MB.

Unloading 5 unused Assets to reduce memory usage. Loaded Objects now: 1560.
Total: 2.876600 ms (FindLiveObjects: 0.309900 ms CreateObjectMapping: 0.095700 ms MarkObjects: 2.386600 ms  DeleteObjects: 0.081000 ms)

========================================================================
Received Prepare
Registering precompiled user dll's ...
Registered in 0.003626 seconds.
Begin MonoManager ReloadAssembly
Native extension for WindowsStandalone target not found
Native extension for WebGL target not found
Refreshing native plugins compatible for Editor in 0.27 ms, found 0 plugins.
Preloading 0 native plugins for Editor in 0.00 ms.
Invoked RoslynAnalysisRunner static constructor.
RoslynAnalysisRunner will not be running.
RoslynAnalysisRunner has terminated.
Mono: successfully reloaded assembly
- Completed reload, in  1.147 seconds
Platform modules already initialized, skipping
Refreshing native plugins compatible for Editor in 0.25 ms, found 0 plugins.
Preloading 0 native plugins for Editor in 0.00 ms.
Unloading 1109 Unused Serialized files (Serialized files now loaded: 0)
System memory in use before: 59.7 MB.
System memory in use after: 59.8 MB.

Unloading 5 unused Assets to reduce memory usage. Loaded Objects now: 1563.
Total: 2.634200 ms (FindLiveObjects: 0.198800 ms CreateObjectMapping: 0.049000 ms MarkObjects: 2.301600 ms  DeleteObjects: 0.082700 ms)

========================================================================
Received Prepare
Registering precompiled user dll's ...
Registered in 0.001348 seconds.
Begin MonoManager ReloadAssembly
Native extension for WindowsStandalone target not found
Native extension for WebGL target not found
Refreshing native plugins compatible for Editor in 0.20 ms, found 0 plugins.
Preloading 0 native plugins for Editor in 0.00 ms.
Invoked RoslynAnalysisRunner static constructor.
RoslynAnalysisRunner will not be running.
RoslynAnalysisRunner has terminated.
Mono: successfully reloaded assembly
- Completed reload, in  1.148 seconds
Platform modules already initialized, skipping
Refreshing native plugins compatible for Editor in 0.26 ms, found 0 plugins.
Preloading 0 native plugins for Editor in 0.00 ms.
Unloading 1109 Unused Serialized files (Serialized files now loaded: 0)
System memory in use before: 59.7 MB.
System memory in use after: 59.8 MB.

Unloading 5 unused Assets to reduce memory usage. Loaded Objects now: 1566.
Total: 2.141300 ms (FindLiveObjects: 0.226000 ms CreateObjectMapping: 0.063300 ms MarkObjects: 1.782600 ms  DeleteObjects: 0.067500 ms)

========================================================================
Received Prepare
Registering precompiled user dll's ...
Registered in 0.001787 seconds.
Begin MonoManager ReloadAssembly
Native extension for WindowsStandalone target not found
Native extension for WebGL target not found
Refreshing native plugins compatible for Editor in 0.29 ms, found 0 plugins.
Preloading 0 native plugins for Editor in 0.00 ms.
Invoked RoslynAnalysisRunner static constructor.
RoslynAnalysisRunner will not be running.
RoslynAnalysisRunner has terminated.
Mono: successfully reloaded assembly
- Completed reload, in  1.277 seconds
Platform modules already initialized, skipping
Refreshing native plugins compatible for Editor in 0.24 ms, found 0 plugins.
Preloading 0 native plugins for Editor in 0.00 ms.
Unloading 1109 Unused Serialized files (Serialized files now loaded: 0)
System memory in use before: 59.8 MB.
System memory in use after: 59.8 MB.

Unloading 5 unused Assets to reduce memory usage. Loaded Objects now: 1569.
Total: 2.686300 ms (FindLiveObjects: 0.222300 ms CreateObjectMapping: 0.059300 ms MarkObjects: 2.314000 ms  DeleteObjects: 0.088400 ms)

========================================================================
Received Import Request.
  Time since last request: 2365.956302 seconds.
  path: Assets/Prefabs/Circle.prefab
  artifactKey: Guid(23e1f38e1d9b9b9449c92c03ec9c3c73) Importer(815301076,1909f56bfc062723c751e8b465ee728b)
Start importing Assets/Prefabs/Circle.prefab using Guid(23e1f38e1d9b9b9449c92c03ec9c3c73) Importer(815301076,1909f56bfc062723c751e8b465ee728b)  -> (artifact id: '8a940837f6c7dee05a0f0bc883bbd8fe') in 0.091618 seconds
  Import took 0.095270 seconds .

========================================================================
Received Import Request.
  Time since last request: 3.088121 seconds.
  path: Assets/Prefabs/DotCircle.prefab
  artifactKey: Guid(8a967f12f043bd346a1bc7f61de40d52) Importer(815301076,1909f56bfc062723c751e8b465ee728b)
Start importing Assets/Prefabs/DotCircle.prefab using Guid(8a967f12f043bd346a1bc7f61de40d52) Importer(815301076,1909f56bfc062723c751e8b465ee728b)  -> (artifact id: '5022c17a9434027bdfc81d135d827609') in 0.015338 seconds
  Import took 0.018064 seconds .

========================================================================
Received Import Request.
  Time since last request: 2.425960 seconds.
  path: Assets/Prefabs/LineCircle.prefab
  artifactKey: Guid(33caf3ed9814c0646aa18f617f2daafc) Importer(815301076,1909f56bfc062723c751e8b465ee728b)
Start importing Assets/Prefabs/LineCircle.prefab using Guid(33caf3ed9814c0646aa18f617f2daafc) Importer(815301076,1909f56bfc062723c751e8b465ee728b)  -> (artifact id: '0bb434a6a1b4b842c3d90343f71379b4') in 0.017967 seconds
  Import took 0.024472 seconds .

========================================================================
Received Import Request.
  Time since last request: 3.589807 seconds.
  path: Assets/Prefabs/TireCircle.prefab
  artifactKey: Guid(dc70c1fe89da3e0458da074b8a85d032) Importer(815301076,1909f56bfc062723c751e8b465ee728b)
Start importing Assets/Prefabs/TireCircle.prefab using Guid(dc70c1fe89da3e0458da074b8a85d032) Importer(815301076,1909f56bfc062723c751e8b465ee728b)  -> (artifact id: 'a0c9ac451f526a4a99b96799f2cc751a') in 0.017475 seconds
  Import took 0.022516 seconds .

========================================================================
Received Import Request.
  Time since last request: 3.311867 seconds.
  path: Assets/Prefabs/FireWork.prefab
  artifactKey: Guid(5da1455589625994ea5173329a05dd2a) Importer(815301076,1909f56bfc062723c751e8b465ee728b)
Start importing Assets/Prefabs/FireWork.prefab using Guid(5da1455589625994ea5173329a05dd2a) Importer(815301076,1909f56bfc062723c751e8b465ee728b)  -> (artifact id: 'c62036bdef249d33fdc8e4892deab3a1') in 0.014088 seconds
  Import took 0.017816 seconds .

========================================================================
Received Import Request.
  Time since last request: 4.342426 seconds.
  path: Assets/Prefabs/DotedLineCircle.prefab
  artifactKey: Guid(9effb3a53dbe5844e837ad568a812058) Importer(815301076,1909f56bfc062723c751e8b465ee728b)
Start importing Assets/Prefabs/DotedLineCircle.prefab using Guid(9effb3a53dbe5844e837ad568a812058) Importer(815301076,1909f56bfc062723c751e8b465ee728b)  -> (artifact id: '2b553e77b68cf11f46a6791aac8076f6') in 0.026854 seconds
  Import took 0.038872 seconds .

========================================================================
Received Import Request.
  Time since last request: 2.610730 seconds.
  path: Assets/Prefabs/LineRoundCircle.prefab
  artifactKey: Guid(13b0d276611c402498aabe23ef17e4f9) Importer(815301076,1909f56bfc062723c751e8b465ee728b)
Start importing Assets/Prefabs/LineRoundCircle.prefab using Guid(13b0d276611c402498aabe23ef17e4f9) Importer(815301076,1909f56bfc062723c751e8b465ee728b)  -> (artifact id: '7356a58529e01d0a1692bffdecd11829') in 0.021876 seconds
  Import took 0.028775 seconds .

========================================================================
Received Import Request.
  Time since last request: 2.692264 seconds.
  path: Assets/Prefabs/CurveRoundCircle.prefab
  artifactKey: Guid(f492fc63a72087d4fbb21dbcb7661d4f) Importer(815301076,1909f56bfc062723c751e8b465ee728b)
Start importing Assets/Prefabs/CurveRoundCircle.prefab using Guid(f492fc63a72087d4fbb21dbcb7661d4f) Importer(815301076,1909f56bfc062723c751e8b465ee728b)  -> (artifact id: '745dd3cd5abb9b1320e7d9762897c359') in 0.026066 seconds
  Import took 0.033615 seconds .

========================================================================
Received Import Request.
  Time since last request: 3.005759 seconds.
  path: Assets/Prefabs/JaggedCircle.prefab
  artifactKey: Guid(3bad1b4c035d09849990ad3034cff5db) Importer(815301076,1909f56bfc062723c751e8b465ee728b)
Start importing Assets/Prefabs/JaggedCircle.prefab using Guid(3bad1b4c035d09849990ad3034cff5db) Importer(815301076,1909f56bfc062723c751e8b465ee728b)  -> (artifact id: '43da9cc8d4433ee06e01eced6df0b55b') in 0.045149 seconds
  Import took 0.065726 seconds .

========================================================================
Received Import Request.
  Time since last request: 0.001324 seconds.
  path: Assets/Prefabs/JaggedCircle.prefab
  artifactKey: Guid(3bad1b4c035d09849990ad3034cff5db) Importer(815301076,1909f56bfc062723c751e8b465ee728b)
Start importing Assets/Prefabs/JaggedCircle.prefab using Guid(3bad1b4c035d09849990ad3034cff5db) Importer(815301076,1909f56bfc062723c751e8b465ee728b)  -> (artifact id: '43da9cc8d4433ee06e01eced6df0b55b') in 0.035534 seconds
  Import took 0.046903 seconds .

========================================================================
Received Import Request.
  Time since last request: 3.261262 seconds.
  path: Assets/Prefabs/DoubleLineCircle1.prefab
  artifactKey: Guid(3f853e67570721344a87a902ac25eb41) Importer(815301076,1909f56bfc062723c751e8b465ee728b)
Start importing Assets/Prefabs/DoubleLineCircle1.prefab using Guid(3f853e67570721344a87a902ac25eb41) Importer(815301076,1909f56bfc062723c751e8b465ee728b)  -> (artifact id: 'cf5633534b1c591231ce39eedab07850') in 0.023709 seconds
  Import took 0.031676 seconds .

========================================================================
Received Import Request.
  Time since last request: 2.877256 seconds.
  path: Assets/Prefabs/DoubleLineCircle2.prefab
  artifactKey: Guid(6327855e9b793f64c9ddfac119f6ae2f) Importer(815301076,1909f56bfc062723c751e8b465ee728b)
Start importing Assets/Prefabs/DoubleLineCircle2.prefab using Guid(6327855e9b793f64c9ddfac119f6ae2f) Importer(815301076,1909f56bfc062723c751e8b465ee728b)  -> (artifact id: 'e846c4566b75d4b74254a956d828ed99') in 0.023994 seconds
  Import took 0.033199 seconds .

========================================================================
Received Prepare
Registering precompiled user dll's ...
Registered in 0.001222 seconds.
Begin MonoManager ReloadAssembly
Native extension for WindowsStandalone target not found
Native extension for WebGL target not found
Refreshing native plugins compatible for Editor in 0.64 ms, found 0 plugins.
Preloading 0 native plugins for Editor in 0.00 ms.
Invoked RoslynAnalysisRunner static constructor.
RoslynAnalysisRunner will not be running.
RoslynAnalysisRunner has terminated.
Mono: successfully reloaded assembly
- Completed reload, in  1.004 seconds
Platform modules already initialized, skipping
Refreshing native plugins compatible for Editor in 0.21 ms, found 0 plugins.
Preloading 0 native plugins for Editor in 0.00 ms.
Unloading 1109 Unused Serialized files (Serialized files now loaded: 0)
System memory in use before: 60.0 MB.
System memory in use after: 60.1 MB.

Unloading 5 unused Assets to reduce memory usage. Loaded Objects now: 1572.
Total: 3.565700 ms (FindLiveObjects: 0.377500 ms CreateObjectMapping: 0.136100 ms MarkObjects: 2.928600 ms  DeleteObjects: 0.121300 ms)

========================================================================
Received Prepare
Registering precompiled user dll's ...
Registered in 0.001699 seconds.
Begin MonoManager ReloadAssembly
Native extension for WindowsStandalone target not found
Native extension for WebGL target not found
Refreshing native plugins compatible for Editor in 0.27 ms, found 0 plugins.
Preloading 0 native plugins for Editor in 0.00 ms.
Invoked RoslynAnalysisRunner static constructor.
RoslynAnalysisRunner will not be running.
RoslynAnalysisRunner has terminated.
Mono: successfully reloaded assembly
- Completed reload, in  1.009 seconds
Platform modules already initialized, skipping
Refreshing native plugins compatible for Editor in 0.23 ms, found 0 plugins.
Preloading 0 native plugins for Editor in 0.00 ms.
Unloading 1109 Unused Serialized files (Serialized files now loaded: 0)
System memory in use before: 60.0 MB.
System memory in use after: 60.1 MB.

Unloading 5 unused Assets to reduce memory usage. Loaded Objects now: 1575.
Total: 7.882300 ms (FindLiveObjects: 1.300700 ms CreateObjectMapping: 0.157500 ms MarkObjects: 5.710200 ms  DeleteObjects: 0.711000 ms)

========================================================================
Received Prepare
Registering precompiled user dll's ...
Registered in 0.001728 seconds.
Begin MonoManager ReloadAssembly
Native extension for WindowsStandalone target not found
Native extension for WebGL target not found
Refreshing native plugins compatible for Editor in 0.30 ms, found 0 plugins.
Preloading 0 native plugins for Editor in 0.00 ms.
Invoked RoslynAnalysisRunner static constructor.
RoslynAnalysisRunner will not be running.
RoslynAnalysisRunner has terminated.
Mono: successfully reloaded assembly
- Completed reload, in  1.761 seconds
Platform modules already initialized, skipping
Refreshing native plugins compatible for Editor in 0.28 ms, found 0 plugins.
Preloading 0 native plugins for Editor in 0.00 ms.
Unloading 1109 Unused Serialized files (Serialized files now loaded: 0)
System memory in use before: 60.0 MB.
System memory in use after: 60.1 MB.

Unloading 5 unused Assets to reduce memory usage. Loaded Objects now: 1578.
Total: 2.675300 ms (FindLiveObjects: 0.275500 ms CreateObjectMapping: 0.078300 ms MarkObjects: 2.195300 ms  DeleteObjects: 0.124300 ms)

========================================================================
Received Import Request.
  Time since last request: 2579.630595 seconds.
  path: Assets/Scripts/MoveLineRoundCircle.cs
  artifactKey: Guid(24b0d5eaece7d584f9ce2b5b20586fbd) Importer(815301076,1909f56bfc062723c751e8b465ee728b)
Start importing Assets/Scripts/MoveLineRoundCircle.cs using Guid(24b0d5eaece7d584f9ce2b5b20586fbd) Importer(815301076,1909f56bfc062723c751e8b465ee728b)  -> (artifact id: '76e3668f4e67f0b0345cebf8372d4754') in 0.017767 seconds
  Import took 0.022175 seconds .

========================================================================
Received Import Request.
  Time since last request: 16.478353 seconds.
  path: Assets/Scripts/MoveCurveRoundCircle.cs
  artifactKey: Guid(14f2c41b19f1a044cbc6a98b86e66998) Importer(815301076,1909f56bfc062723c751e8b465ee728b)
Start importing Assets/Scripts/MoveCurveRoundCircle.cs using Guid(14f2c41b19f1a044cbc6a98b86e66998) Importer(815301076,1909f56bfc062723c751e8b465ee728b)  -> (artifact id: 'dbd4e50579e4ccfd79169f94d5d6c6a1') in 0.011515 seconds
  Import took 0.016641 seconds .

========================================================================
Received Import Request.
  Time since last request: 209.998251 seconds.
  path: Assets/Scripts/MoveLineRoundCircle.cs
  artifactKey: Guid(24b0d5eaece7d584f9ce2b5b20586fbd) Importer(815301076,1909f56bfc062723c751e8b465ee728b)
Start importing Assets/Scripts/MoveLineRoundCircle.cs using Guid(24b0d5eaece7d584f9ce2b5b20586fbd) Importer(815301076,1909f56bfc062723c751e8b465ee728b)  -> (artifact id: '0aff708989a2ac43d140f59e59237f32') in 0.010758 seconds
  Import took 0.015764 seconds .

========================================================================
Received Import Request.
  Time since last request: 152.885026 seconds.
  path: Assets/Prefabs/Timing.prefab
  artifactKey: Guid(7d995e24f2197a747b0400b5ef5b01e7) Importer(815301076,1909f56bfc062723c751e8b465ee728b)
Start importing Assets/Prefabs/Timing.prefab using Guid(7d995e24f2197a747b0400b5ef5b01e7) Importer(815301076,1909f56bfc062723c751e8b465ee728b)  -> (artifact id: '39cd520874006ff47cd9087b1db48ff0') in 0.061652 seconds
  Import took 0.065688 seconds .

========================================================================
Received Prepare
Registering precompiled user dll's ...
Registered in 0.002135 seconds.
Begin MonoManager ReloadAssembly
Native extension for WindowsStandalone target not found
Native extension for WebGL target not found
Refreshing native plugins compatible for Editor in 0.19 ms, found 0 plugins.
Preloading 0 native plugins for Editor in 0.00 ms.
Invoked RoslynAnalysisRunner static constructor.
RoslynAnalysisRunner will not be running.
RoslynAnalysisRunner has terminated.
Mono: successfully reloaded assembly
- Completed reload, in  0.870 seconds
Platform modules already initialized, skipping
Refreshing native plugins compatible for Editor in 0.28 ms, found 0 plugins.
Preloading 0 native plugins for Editor in 0.00 ms.
Unloading 1111 Unused Serialized files (Serialized files now loaded: 0)
System memory in use before: 60.1 MB.
System memory in use after: 60.1 MB.

Unloading 5 unused Assets to reduce memory usage. Loaded Objects now: 1583.
Total: 1.933100 ms (FindLiveObjects: 0.182600 ms CreateObjectMapping: 0.033600 ms MarkObjects: 1.663300 ms  DeleteObjects: 0.052200 ms)

========================================================================
Received Prepare
Registering precompiled user dll's ...
Registered in 0.001565 seconds.
Begin MonoManager ReloadAssembly
Native extension for WindowsStandalone target not found
Native extension for WebGL target not found
Refreshing native plugins compatible for Editor in 0.26 ms, found 0 plugins.
Preloading 0 native plugins for Editor in 0.00 ms.
Invoked RoslynAnalysisRunner static constructor.
RoslynAnalysisRunner will not be running.
RoslynAnalysisRunner has terminated.
Mono: successfully reloaded assembly
- Completed reload, in  1.224 seconds
Platform modules already initialized, skipping
Refreshing native plugins compatible for Editor in 0.25 ms, found 0 plugins.
Preloading 0 native plugins for Editor in 0.00 ms.
Unloading 1111 Unused Serialized files (Serialized files now loaded: 0)
System memory in use before: 60.1 MB.
System memory in use after: 60.1 MB.

Unloading 5 unused Assets to reduce memory usage. Loaded Objects now: 1586.
Total: 2.602300 ms (FindLiveObjects: 0.180800 ms CreateObjectMapping: 0.053600 ms MarkObjects: 2.288900 ms  DeleteObjects: 0.077000 ms)

========================================================================
Received Prepare
Registering precompiled user dll's ...
Registered in 0.001256 seconds.
Begin MonoManager ReloadAssembly
Native extension for WindowsStandalone target not found
Native extension for WebGL target not found
Refreshing native plugins compatible for Editor in 0.24 ms, found 0 plugins.
Preloading 0 native plugins for Editor in 0.00 ms.
Invoked RoslynAnalysisRunner static constructor.
RoslynAnalysisRunner will not be running.
RoslynAnalysisRunner has terminated.
Mono: successfully reloaded assembly
- Completed reload, in  1.171 seconds
Platform modules already initialized, skipping
Refreshing native plugins compatible for Editor in 0.23 ms, found 0 plugins.
Preloading 0 native plugins for Editor in 0.00 ms.
Unloading 1111 Unused Serialized files (Serialized files now loaded: 0)
System memory in use before: 60.1 MB.
System memory in use after: 60.2 MB.

Unloading 5 unused Assets to reduce memory usage. Loaded Objects now: 1589.
Total: 4.917500 ms (FindLiveObjects: 0.477600 ms CreateObjectMapping: 0.121000 ms MarkObjects: 4.175400 ms  DeleteObjects: 0.139500 ms)

========================================================================
Received Prepare
Registering precompiled user dll's ...
Registered in 0.001781 seconds.
Begin MonoManager ReloadAssembly
Native extension for WindowsStandalone target not found
Native extension for WebGL target not found
Refreshing native plugins compatible for Editor in 0.30 ms, found 0 plugins.
Preloading 0 native plugins for Editor in 0.00 ms.
Invoked RoslynAnalysisRunner static constructor.
RoslynAnalysisRunner will not be running.
RoslynAnalysisRunner has terminated.
Mono: successfully reloaded assembly
- Completed reload, in  1.106 seconds
Platform modules already initialized, skipping
Refreshing native plugins compatible for Editor in 0.22 ms, found 0 plugins.
Preloading 0 native plugins for Editor in 0.00 ms.
Unloading 1111 Unused Serialized files (Serialized files now loaded: 0)
System memory in use before: 60.1 MB.
System memory in use after: 60.2 MB.

Unloading 5 unused Assets to reduce memory usage. Loaded Objects now: 1592.
Total: 1.874000 ms (FindLiveObjects: 0.175300 ms CreateObjectMapping: 0.079000 ms MarkObjects: 1.535000 ms  DeleteObjects: 0.083500 ms)

========================================================================
Received Prepare
Registering precompiled user dll's ...
Registered in 0.001429 seconds.
Begin MonoManager ReloadAssembly
Native extension for WindowsStandalone target not found
Native extension for WebGL target not found
Refreshing native plugins compatible for Editor in 0.23 ms, found 0 plugins.
Preloading 0 native plugins for Editor in 0.00 ms.
Invoked RoslynAnalysisRunner static constructor.
RoslynAnalysisRunner will not be running.
RoslynAnalysisRunner has terminated.
Mono: successfully reloaded assembly
- Completed reload, in  1.359 seconds
Platform modules already initialized, skipping
Refreshing native plugins compatible for Editor in 0.39 ms, found 0 plugins.
Preloading 0 native plugins for Editor in 0.00 ms.
Unloading 1111 Unused Serialized files (Serialized files now loaded: 0)
System memory in use before: 60.1 MB.
System memory in use after: 60.2 MB.

Unloading 5 unused Assets to reduce memory usage. Loaded Objects now: 1595.
Total: 2.824800 ms (FindLiveObjects: 0.225400 ms CreateObjectMapping: 0.061700 ms MarkObjects: 2.447200 ms  DeleteObjects: 0.088100 ms)

========================================================================
Received Import Request.
  Time since last request: 1080.920433 seconds.
  path: Assets/Scripts/ArtCreator.cs
  artifactKey: Guid(762c01f1923d10d4d88b1d1614326582) Importer(815301076,1909f56bfc062723c751e8b465ee728b)
Start importing Assets/Scripts/ArtCreator.cs using Guid(762c01f1923d10d4d88b1d1614326582) Importer(815301076,1909f56bfc062723c751e8b465ee728b)  -> (artifact id: 'b79f3a3494d84e38adae240e6f16a149') in 0.016534 seconds
  Import took 0.020106 seconds .

========================================================================
Received Import Request.
  Time since last request: 0.463862 seconds.
  path: Assets/Scripts/ArtCreator.cs
  artifactKey: Guid(762c01f1923d10d4d88b1d1614326582) Importer(815301076,1909f56bfc062723c751e8b465ee728b)
Start importing Assets/Scripts/ArtCreator.cs using Guid(762c01f1923d10d4d88b1d1614326582) Importer(815301076,1909f56bfc062723c751e8b465ee728b)  -> (artifact id: 'b79f3a3494d84e38adae240e6f16a149') in 0.008841 seconds
  Import took 0.012429 seconds .

========================================================================
Received Prepare
Registering precompiled user dll's ...
Registered in 0.001631 seconds.
Begin MonoManager ReloadAssembly
Native extension for WindowsStandalone target not found
Native extension for WebGL target not found
Refreshing native plugins compatible for Editor in 0.81 ms, found 0 plugins.
Preloading 0 native plugins for Editor in 0.00 ms.
Invoked RoslynAnalysisRunner static constructor.
RoslynAnalysisRunner will not be running.
RoslynAnalysisRunner has terminated.
Mono: successfully reloaded assembly
- Completed reload, in  2.270 seconds
Platform modules already initialized, skipping
Refreshing native plugins compatible for Editor in 0.29 ms, found 0 plugins.
Preloading 0 native plugins for Editor in 0.00 ms.
Unloading 1111 Unused Serialized files (Serialized files now loaded: 0)
System memory in use before: 60.1 MB.
System memory in use after: 60.2 MB.

Unloading 5 unused Assets to reduce memory usage. Loaded Objects now: 1598.
Total: 4.792400 ms (FindLiveObjects: 0.384200 ms CreateObjectMapping: 0.093300 ms MarkObjects: 3.924200 ms  DeleteObjects: 0.380800 ms)

